<?xml version="1.0" encoding="UTF-8"?>
<!-- Generated by org.testng.reporters.JUnitReportReporter -->
<testsuite hostname="Sahni12" failures="0" tests="1" name="testCases.GetAllAccounts" time="3.521" errors="0" timestamp="2024-04-16T13:51:19 CDT" skipped="0">
  <testcase classname="testCases.GetAllAccounts" name="getAllAccounts" time="3.521"/>
  <system-out/>
</testsuite> <!-- testCases.GetAllAccounts -->
