<?xml version="1.0" encoding="UTF-8"?>
<!-- Generated by org.testng.reporters.JUnitReportReporter -->
<testsuite hostname="Sahni12" failures="0" tests="3" name="testCases.CreateAccount" time="6.681" errors="0" timestamp="2024-04-17T09:46:27 CDT" skipped="0">
  <testcase classname="testCases.CreateAccount" name="createAccount" time="3.533"/>
  <system-out/>
  <testcase classname="testCases.CreateAccount" name="getAllAccounts" time="2.138"/>
  <system-out/>
  <testcase classname="testCases.CreateAccount" name="getAccountDetails" time="1.010"/>
  <system-out/>
</testsuite> <!-- testCases.CreateAccount -->
