<?xml version="1.0" encoding="UTF-8"?>
<!-- Generated by org.testng.reporters.JUnitReportReporter -->
<testsuite hostname="Sahni12" failures="0" tests="1" name="testCases.GetAccountDetails" time="2.651" errors="0" timestamp="2024-04-16T13:51:06 CDT" skipped="0">
  <testcase classname="testCases.GetAccountDetails" name="getAccountDetails" time="2.651"/>
  <system-out/>
</testsuite> <!-- testCases.GetAccountDetails -->
