<?xml version="1.0" encoding="UTF-8"?>
<!-- Generated by org.testng.reporters.JUnitReportReporter -->
<testsuite hostname="Sahni12" failures="0" tests="2" name="testCases.DeleteAccount" time="4.267" errors="0" timestamp="2024-04-16T13:50:53 CDT" skipped="0">
  <testcase classname="testCases.DeleteAccount" name="deleteAccount" time="3.273"/>
  <system-out/>
  <testcase classname="testCases.DeleteAccount" name="getAccountDetails" time="0.994"/>
  <system-out/>
</testsuite> <!-- testCases.DeleteAccount -->
